<?xml version="1.0" encoding="utf-8"?><testsuites name="pytest tests"><testsuite name="pytest" errors="0" failures="0" skipped="0" tests="8" time="1.355" timestamp="2026-07-06T11:03:06.602327+00:00" hostname="agent-env-db361f57-d87b-49a1-a562-7ec01f9f1f76"><testcase classname="tests.test_feed_api" name="test_feed_status_code" time="0.104" /><testcase classname="tests.test_feed_api" name="test_feed_response_structure" time="0.199" /><testcase classname="tests.test_feed_api" name="test_feed_cache_control_header" time="0.089" /><testcase classname="tests.test_feed_api" name="test_feed_category_counts" time="0.131" /><testcase classname="tests.test_feed_api" name="test_agent_tool_cves_have_source_attribution" time="0.077" /><testcase classname="tests.test_feed_api" name="test_non_cve_entries_have_no_source_attribution" time="0.093" /><testcase classname="tests.test_feed_api" name="test_indicator_index_lookup" time="0.085" /><testcase classname="tests.test_feed_api" name="test_no_mongo_id_leak" time="0.065" /></testsuite></testsuites>